{
  "RSpec": {
    "coverage": {
      "/Users/alexsatur/Desktop/programing_exercise/spec/report_spec.rb": [
        1,
        null,
        1,
        1,
        1,
        1,
        null,
        null,
        1,
        1,
        1,
        null,
        null,
        1,
        1,
        1,
        null,
        null
      ],
      "/Users/alexsatur/Desktop/programing_exercise/lib/report.rb": [
        1,
        null,
        1,
        null,
        1,
        null,
        1,
        null,
        1,
        3,
        null,
        null,
        1,
        2,
        2,
        null,
        0,
        null,
        null,
        null,
        null
      ]
    },
    "timestamp": 1507826586
  }
}
